<?xml version="1.0" encoding="UTF-8"?>
<testsuite xmlns:xsi="http://www.w3.org/2001/XMLSchema-instance" xsi:noNamespaceSchemaLocation="https://maven.apache.org/surefire/maven-surefire-plugin/xsd/surefire-test-report.xsd" version="3.0.2" name="secondhand_marketplace.app.MenuTest" time="0.088" tests="4" errors="0" skipped="0" failures="0">
  <properties>
[...]
</properties>
  <testcase name="testRunRegisterThenExit" classname="secondhand_marketplace.app.MenuTest" time="0.019"/>
  <testcase name="testRunInvalidMenuThenExit" classname="secondhand_marketplace.app.MenuTest" time="0.0"/>
  <testcase name="testRunLoginLogoutExit" classname="secondhand_marketplace.app.MenuTest" time="0.002"/>
  <testcase name="testPrintMenuWithoutLogin" classname="secondhand_marketplace.app.MenuTest" time="0.001"/>
</testsuite>